<?xml version="1.0" encoding="UTF-8"?>
<!-- Generated by org.testng.reporters.JUnitReportReporter -->
<testsuite hostname="DESKTOP-A11FO65" failures="0" tests="1" name="learning.ClassLevel" time="0.011" errors="0" timestamp="2025-02-20T14:43:49 IST" skipped="0">
  <testcase classname="learning.ClassLevel" name="flipkart" time="0.011"/>
</testsuite> <!-- learning.ClassLevel -->
