<?xml version="1.0" encoding="UTF-8"?>
<!-- Generated by org.testng.reporters.JUnitReportReporter -->
<testsuite hostname="DESKTOP-A11FO65" failures="0" tests="1" name="classlevel.TestCaseOne" time="5.364" errors="0" timestamp="2025-02-20T16:14:53 IST" skipped="0">
  <testcase classname="classlevel.TestCaseOne" name="searchItem" time="5.364"/>
</testsuite> <!-- classlevel.TestCaseOne -->
